mode: set
github.com/MorrisMorrison/gutils/main.go:3.14,4.2 0 0
github.com/MorrisMorrison/gutils/gerror/gerror.go:3.27,4.14 1 0
github.com/MorrisMorrison/gutils/gerror/gerror.go:4.14,5.11 1 0
github.com/MorrisMorrison/gutils/gio/gio.go:9.80,12.21 3 0
github.com/MorrisMorrison/gutils/gio/gio.go:12.21,14.23 2 0
github.com/MorrisMorrison/gutils/gio/gio.go:14.23,16.4 1 0
github.com/MorrisMorrison/gutils/gio/gio.go:17.3,17.30 1 0
github.com/MorrisMorrison/gutils/gio/gio.go:19.2,19.38 1 0
github.com/MorrisMorrison/gutils/gio/gio.go:19.38,21.3 1 0
github.com/MorrisMorrison/gutils/gio/gio.go:22.2,22.19 1 0
github.com/MorrisMorrison/gutils/gio/gio.go:25.78,27.16 2 0
github.com/MorrisMorrison/gutils/gio/gio.go:27.16,29.3 1 0
github.com/MorrisMorrison/gutils/gio/gio.go:30.2,32.50 2 0
github.com/MorrisMorrison/gutils/gollections/gollections.go:5.62,6.45 1 0
github.com/MorrisMorrison/gutils/gollections/gollections.go:6.45,7.38 1 0
github.com/MorrisMorrison/gutils/gollections/gollections.go:7.38,9.4 1 0
github.com/MorrisMorrison/gutils/gollections/gollections.go:11.2,11.14 1 0
github.com/MorrisMorrison/gutils/gollections/gollections.go:14.57,15.45 1 0
github.com/MorrisMorrison/gutils/gollections/gollections.go:15.45,16.38 1 0
github.com/MorrisMorrison/gutils/gollections/gollections.go:16.38,18.4 1 0
github.com/MorrisMorrison/gutils/gollections/gollections.go:21.2,21.13 1 0
github.com/MorrisMorrison/gutils/gollections/gollections.go:24.46,25.34 1 0
github.com/MorrisMorrison/gutils/gollections/gollections.go:25.34,26.28 1 0
github.com/MorrisMorrison/gutils/gollections/gollections.go:26.28,28.4 1 0
github.com/MorrisMorrison/gutils/gollections/gollections.go:30.2,30.13 1 0
github.com/MorrisMorrison/gutils/gollections/gollections.go:35.50,37.35 2 0
github.com/MorrisMorrison/gutils/gollections/gollections.go:37.35,39.3 1 0
github.com/MorrisMorrison/gutils/gollections/gollections.go:41.2,41.15 1 0
github.com/MorrisMorrison/gutils/gollections/gollections.go:44.47,46.38 2 0
github.com/MorrisMorrison/gutils/gollections/gollections.go:46.38,48.3 1 0
github.com/MorrisMorrison/gutils/gollections/gollections.go:50.2,50.12 1 0
github.com/MorrisMorrison/gutils/gollections/gollections.go:53.33,56.41 2 0
github.com/MorrisMorrison/gutils/gollections/gollections.go:56.41,57.45 1 0
github.com/MorrisMorrison/gutils/gollections/gollections.go:57.45,58.30 1 0
github.com/MorrisMorrison/gutils/gollections/gollections.go:58.30,60.5 1 0
github.com/MorrisMorrison/gutils/gollections/gollections.go:64.2,64.12 1 0
github.com/MorrisMorrison/gutils/gollections/gollections.go:67.74,68.41 1 0
github.com/MorrisMorrison/gutils/gollections/gollections.go:68.41,69.45 1 0
github.com/MorrisMorrison/gutils/gollections/gollections.go:69.45,70.43 1 0
github.com/MorrisMorrison/gutils/gollections/gollections.go:70.43,72.5 1 0
github.com/MorrisMorrison/gutils/gollections/gollections.go:76.2,76.15 1 0
github.com/MorrisMorrison/gutils/gollections/gollections.go:79.46,81.2 1 0
github.com/MorrisMorrison/gutils/glogger/glogger.go:27.26,34.2 1 0
github.com/MorrisMorrison/gutils/glogger/glogger.go:36.57,38.2 1 0
github.com/MorrisMorrison/gutils/glogger/glogger.go:40.39,42.2 1 0
github.com/MorrisMorrison/gutils/glogger/glogger.go:44.40,46.2 1 0
github.com/MorrisMorrison/gutils/glogger/glogger.go:48.58,50.2 1 0
github.com/MorrisMorrison/gutils/glogger/glogger.go:52.42,54.2 1 0
github.com/MorrisMorrison/gutils/glogger/glogger.go:56.60,58.2 1 0
github.com/MorrisMorrison/gutils/glogger/glogger.go:60.51,62.2 1 0
github.com/MorrisMorrison/gutils/glogger/glogger.go:64.69,66.2 1 0
github.com/MorrisMorrison/gutils/glogger/glogger.go:68.54,69.15 1 0
github.com/MorrisMorrison/gutils/glogger/glogger.go:70.17,71.26 1 0
github.com/MorrisMorrison/gutils/glogger/glogger.go:72.18,73.27 1 0
github.com/MorrisMorrison/gutils/glogger/glogger.go:74.20,75.29 1 0
github.com/MorrisMorrison/gutils/glogger/glogger.go:76.18,77.27 1 0
github.com/MorrisMorrison/gutils/glogger/glogger.go:78.10,79.26 1 0
github.com/MorrisMorrison/gutils/glogger/glogger.go:83.72,86.2 2 0
github.com/MorrisMorrison/gutils/gio/gio.go:9.80,12.21 3 1
github.com/MorrisMorrison/gutils/gio/gio.go:12.21,14.23 2 1
github.com/MorrisMorrison/gutils/gio/gio.go:14.23,16.4 1 1
github.com/MorrisMorrison/gutils/gio/gio.go:17.3,17.30 1 1
github.com/MorrisMorrison/gutils/gio/gio.go:19.2,19.38 1 1
github.com/MorrisMorrison/gutils/gio/gio.go:19.38,21.3 1 0
github.com/MorrisMorrison/gutils/gio/gio.go:22.2,22.19 1 1
github.com/MorrisMorrison/gutils/gio/gio.go:25.78,27.16 2 1
github.com/MorrisMorrison/gutils/gio/gio.go:27.16,29.3 1 0
github.com/MorrisMorrison/gutils/gio/gio.go:30.2,32.50 2 1
